<?xml version="1.0" encoding="UTF-8"?>
<!-- Generated by org.testng.reporters.JUnitReportReporter -->
<testsuite hostname="USER-PC" failures="0" tests="1" name="SeleniumPractice.test.StandAloneOrderTest" time="25.804" errors="0" timestamp="2024-11-02T01:52:03 IST" skipped="0">
  <testcase classname="SeleniumPractice.test.StandAloneOrderTest" name="OrderProduct" time="25.804"/>
</testsuite> <!-- SeleniumPractice.test.StandAloneOrderTest -->
